Do these files mean anything to you
Do these files mean anything to you
Do these files mean anything to you
about to remove AnswersToWebDevTest
Do these files mean anything to you
Do these files mean anything to you
about to remove AnswersToWebDevTest
about to remove AnswersToWebDevTest
about to remove AnswersToWebDevTest
about to remove AnswersToWebDevTest
Do these files mean anything to you
Do these files mean anything to you
about to remove firstlogin.txt
about to remove firstlogin.txt
about to remove firstlogin.txt
about to remove firstlogin.txt
about to remove firstlogin.txt
about to remove junk
about to remove junk
about to remove monitoring
about to remove junk
about to remove junk
about to remove stock
about to remove monitoring
about to remove monitoring
about to remove stock
about to remove study
about to remove junk
Do these files mean anything to you
about to remove monitoring
about to remove stock
about to remove monitoring
Do these files mean anything to you
